# JRE version: OpenJDK Runtime Environment (11.0.12+7) (build 11.0.12+7-b1504.28-7817840)
# Java VM: OpenJDK 64-Bit Server VM (11.0.12+7-b1504.28-7817840, mixed mode, tiered, compressed oops, g1 gc, windows-amd64)
Heap:
 garbage-first heap   total 76800K, used 28469K [0x0000000080000000, 0x0000000100000000)
  region size 1024K, 13 young (13312K), 1 survivors (1024K)
 Metaspace       used 22431K, capacity 22924K, committed 23040K, reserved 1069056K
  class space    used 2792K, capacity 2971K, committed 3072K, reserved 1048576K
GC Heap History (14 events):
Event: 1.271 GC heap before
{Heap before GC invocations=0 (full 0):
 garbage-first heap   total 63488K, used 20480K [0x0000000080000000, 0x0000000100000000)
  region size 1024K, 14 young (14336K), 0 survivors (0K)
 Metaspace       used 6754K, capacity 6989K, committed 7168K, reserved 1056768K
  class space    used 582K, capacity 650K, committed 768K, reserved 1048576K
}
Event: 1.283 GC heap after
{Heap after GC invocations=1 (full 0):
 garbage-first heap   total 63488K, used 7715K [0x0000000080000000, 0x0000000100000000)
  region size 1024K, 2 young (2048K), 2 survivors (2048K)
 Metaspace       used 6754K, capacity 6989K, committed 7168K, reserved 1056768K
  class space    used 582K, capacity 650K, committed 768K, reserved 1048576K
}
Event: 2.132 GC heap before
{Heap before GC invocations=1 (full 0):
 garbage-first heap   total 63488K, used 18979K [0x0000000080000000, 0x0000000100000000)
  region size 1024K, 13 young (13312K), 2 survivors (2048K)
 Metaspace       used 9903K, capacity 10118K, committed 10368K, reserved 1058816K
  class space    used 1028K, capacity 1102K, committed 1152K, reserved 1048576K
}
Event: 2.140 GC heap after
{Heap after GC invocations=2 (full 0):
 garbage-first heap   total 63488K, used 9569K [0x0000000080000000, 0x0000000100000000)
  region size 1024K, 2 young (2048K), 2 survivors (2048K)
 Metaspace       used 9903K, capacity 10118K, committed 10368K, reserved 1058816K
  class space    used 1028K, capacity 1102K, committed 1152K, reserved 1048576K
}
Event: 3.067 GC heap before
{Heap before GC invocations=2 (full 0):
 garbage-first heap   total 63488K, used 31073K [0x0000000080000000, 0x0000000100000000)
  region size 1024K, 23 young (23552K), 2 survivors (2048K)
 Metaspace       used 10818K, capacity 11009K, committed 11264K, reserved 1058816K
  class space    used 1130K, capacity 1207K, committed 1280K, reserved 1048576K
}
Event: 3.074 GC heap after
{Heap after GC invocations=3 (full 0):
 garbage-first heap   total 63488K, used 9801K [0x0000000080000000, 0x0000000100000000)
  region size 1024K, 2 young (2048K), 2 survivors (2048K)
 Metaspace       used 10818K, capacity 11009K, committed 11264K, reserved 1058816K
  class space    used 1130K, capacity 1207K, committed 1280K, reserved 1048576K
}
Event: 3.542 GC heap before
{Heap before GC invocations=3 (full 0):
 garbage-first heap   total 63488K, used 34377K [0x0000000080000000, 0x0000000100000000)
  region size 1024K, 26 young (26624K), 2 survivors (2048K)
 Metaspace       used 11214K, capacity 11481K, committed 11520K, reserved 1058816K
  class space    used 1211K, capacity 1279K, committed 1280K, reserved 1048576K
}
Event: 3.553 GC heap after
{Heap after GC invocations=4 (full 0):
 garbage-first heap   total 63488K, used 14009K [0x0000000080000000, 0x0000000100000000)
  region size 1024K, 4 young (4096K), 4 survivors (4096K)
 Metaspace       used 11214K, capacity 11481K, committed 11520K, reserved 1058816K
  class space    used 1211K, capacity 1279K, committed 1280K, reserved 1048576K
}
Event: 5.573 GC heap before
{Heap before GC invocations=4 (full 0):
 garbage-first heap   total 63488K, used 38585K [0x0000000080000000, 0x0000000100000000)
  region size 1024K, 28 young (28672K), 4 survivors (4096K)
 Metaspace       used 17647K, capacity 17971K, committed 18176K, reserved 1064960K
  class space    used 2086K, capacity 2209K, committed 2304K, reserved 1048576K
}
Event: 5.587 GC heap after
{Heap after GC invocations=5 (full 0):
 garbage-first heap   total 63488K, used 16347K [0x0000000080000000, 0x0000000100000000)
  region size 1024K, 3 young (3072K), 3 survivors (3072K)
 Metaspace       used 17647K, capacity 17971K, committed 18176K, reserved 1064960K
  class space    used 2086K, capacity 2209K, committed 2304K, reserved 1048576K
}
Event: 6.128 GC heap before
{Heap before GC invocations=5 (full 0):
 garbage-first heap   total 63488K, used 39899K [0x0000000080000000, 0x0000000100000000)
  region size 1024K, 27 young (27648K), 3 survivors (3072K)
 Metaspace       used 20235K, capacity 20620K, committed 20864K, reserved 1067008K
  class space    used 2494K, capacity 2645K, committed 2688K, reserved 1048576K
}
Event: 6.138 GC heap after
{Heap after GC invocations=6 (full 0):
 garbage-first heap   total 76800K, used 17351K [0x0000000080000000, 0x0000000100000000)
  region size 1024K, 1 young (1024K), 1 survivors (1024K)
 Metaspace       used 20235K, capacity 20620K, committed 20864K, reserved 1067008K
  class space    used 2494K, capacity 2645K, committed 2688K, reserved 1048576K
}
Event: 6.283 GC heap before
{Heap before GC invocations=6 (full 0):
 garbage-first heap   total 76800K, used 19399K [0x0000000080000000, 0x0000000100000000)
  region size 1024K, 4 young (4096K), 1 survivors (1024K)
 Metaspace       used 20744K, capacity 21135K, committed 21248K, reserved 1067008K
  class space    used 2550K, capacity 2710K, committed 2816K, reserved 1048576K
}
Event: 6.286 GC heap after
{Heap after GC invocations=7 (full 0):
 garbage-first heap   total 76800K, used 17205K [0x0000000080000000, 0x0000000100000000)
  region size 1024K, 1 young (1024K), 1 survivors (1024K)
 Metaspace       used 20744K, capacity 21135K, committed 21248K, reserved 1067008K
  class space    used 2550K, capacity 2710K, committed 2816K, reserved 1048576K
}

